C51 COMPILER V9.01   KEY                                                                   04/01/2024 21:00:50 PAGE 1   


C51 COMPILER V9.01, COMPILATION OF MODULE KEY
OBJECT MODULE PLACED IN .\Objects\Key.obj
COMPILER INVOKED BY: D:\ProgramData\MDK5.36\C51\BIN\C51.EXE ..\Hardware\Key.c OPTIMIZE(8,SPEED) BROWSE INCDIR(..\Hardwar
                    -e;..\RTX51-Tiny;..\User) DEBUG OBJECTEXTEND PRINT(.\Listings\Key.lst) OBJECT(.\Objects\Key.obj)

line level    source

   1          #include <Key.h>
   2          
   3          unsigned char Key_Read()
   4          {
   5   1              unsigned char temp = 0;
   6   1              if(P3^1 == 0) temp = 1;
   7   1              if(P3^0 == 0) temp = 2;
   8   1              if(P3^2 == 0) temp = 3;
   9   1              if(P3^3 == 0) temp = 4;
  10   1              return temp;
  11   1      }


MODULE INFORMATION:   STATIC OVERLAYABLE
   CODE SIZE        =     28    ----
   CONSTANT SIZE    =   ----    ----
   XDATA SIZE       =   ----    ----
   PDATA SIZE       =   ----    ----
   DATA SIZE        =   ----    ----
   IDATA SIZE       =   ----    ----
   BIT SIZE         =   ----    ----
END OF MODULE INFORMATION.


C51 COMPILATION COMPLETE.  0 WARNING(S),  0 ERROR(S)
