C51 COMPILER V9.01   LED                                                                   04/01/2024 13:42:17 PAGE 1   


C51 COMPILER V9.01, COMPILATION OF MODULE LED
OBJECT MODULE PLACED IN .\Objects\Led.obj
COMPILER INVOKED BY: D:\ProgramData\MDK5.36\C51\BIN\C51.EXE ..\Hardware\Led.c OPTIMIZE(8,SPEED) BROWSE INCDIR(..\RTX51-T
                    -iny;..\User;..\Hardware;..\Fwlib) DEBUG OBJECTEXTEND PRINT(.\Listings\Led.lst) OBJECT(.\Objects\Led.obj)

line level    source

   1          #include <Led.h>
*** WARNING C322 IN LINE 530 OF ..\FWLIB\STC15FXXXX.H: unknown identifier
*** WARNING C322 IN LINE 532 OF ..\FWLIB\STC15FXXXX.H: unknown identifier
*** WARNING C322 IN LINE 534 OF ..\FWLIB\STC15FXXXX.H: unknown identifier
*** WARNING C322 IN LINE 536 OF ..\FWLIB\STC15FXXXX.H: unknown identifier
*** WARNING C322 IN LINE 538 OF ..\FWLIB\STC15FXXXX.H: unknown identifier
*** WARNING C322 IN LINE 540 OF ..\FWLIB\STC15FXXXX.H: unknown identifier
*** WARNING C322 IN LINE 542 OF ..\FWLIB\STC15FXXXX.H: unknown identifier
   2          
   3          void Led_Disp(unsigned char addr,enable)
   4          {
   5   1              static unsigned char temp = 0x00;
   6   1              static unsigned char temp_old = 0xff;
   7   1              if(enable)
   8   1                      temp |= 0x01 << addr;
   9   1              else
  10   1                      temp &= ~(0x01 << addr);
  11   1              if(temp != temp_old)
  12   1              {
  13   2                      P0 = ~temp;
  14   2                      P2 = P2 & 0x1f | 0x80;
  15   2                      P2 &= 0x1f;
  16   2                      temp_old = temp;
  17   2              }
  18   1      }
  19          
  20          void Beep(unsigned char flag)
  21          {
  22   1              static unsigned char temp = 0x00;
  23   1              static unsigned char temp_old = 0xff;
  24   1              if(flag)
  25   1                      temp |= 0x40;
  26   1              else
  27   1                      temp &= ~0x40;
  28   1              if(temp != temp_old)
  29   1              {
  30   2                      P0 = temp;
  31   2                      P2 = P2 & 0x1f | 0xa0;
  32   2                      P2 &= 0x1f;
  33   2                      temp_old = temp;                
  34   2              }
  35   1      }
  36          
  37          void Relay(unsigned char flag)
  38          {
  39   1              static unsigned char temp = 0x00;
  40   1              static unsigned char temp_old = 0xff;
  41   1              if(flag)
  42   1                      temp |= 0x10;
  43   1              else
  44   1                      temp &= ~0x10;
  45   1              if(temp != temp_old)
  46   1              {
  47   2                      P0 = temp;
C51 COMPILER V9.01   LED                                                                   04/01/2024 13:42:17 PAGE 2   

  48   2                      P2 = P2 & 0x1f | 0xa0;
  49   2                      P2 &= 0x1f;
  50   2                      temp_old = temp;                
  51   2              }       
  52   1      }


MODULE INFORMATION:   STATIC OVERLAYABLE
   CODE SIZE        =    129    ----
   CONSTANT SIZE    =   ----    ----
   XDATA SIZE       =   ----    ----
   PDATA SIZE       =   ----    ----
   DATA SIZE        =      6    ----
   IDATA SIZE       =   ----    ----
   BIT SIZE         =   ----    ----
END OF MODULE INFORMATION.


C51 COMPILATION COMPLETE.  7 WARNING(S),  0 ERROR(S)
