C51 COMPILER V9.01   MAIN                                                                  04/01/2024 21:01:57 PAGE 1   


C51 COMPILER V9.01, COMPILATION OF MODULE MAIN
OBJECT MODULE PLACED IN .\Objects\main.obj
COMPILER INVOKED BY: D:\ProgramData\MDK5.36\C51\BIN\C51.EXE ..\User\main.c OPTIMIZE(8,SPEED) BROWSE INCDIR(..\Hardware;.
                    -.\RTX51-Tiny;..\User) DEBUG OBJECTEXTEND PRINT(.\Listings\main.lst) OBJECT(.\Objects\main.obj)

line level    source

   1          /*******************************************************
   2                  task1 : LED0每  1s改变一次状态
   3                  task2 ：LED1每0.7s改变一次状态
   4                  task3 ：LED2每0.4s改变一次状态
   5                  task4 ：LED3每0.2s改变一次状态
   6          *******************************************************/
   7          #include <rtx51tny.h>
   8          #include <reg52.h>
   9          #include <Key.h>
  10          #include <Seg.h>
  11           
  12          #define LED_Port  P2
  13          
  14          sbit BEEP = P2^5;
  15          sbit KEY0 = P3^1;
  16          sbit KEY1 = P3^0;
  17          sbit KEY2 = P3^2;
  18          sbit KEY3 = P3^3;
  19          
  20             
  21          void job0(void) _task_ 0  
  22          {
  23   1              
  24   1              os_create_task(4);      //创建任务1
  25   1              os_create_task(1);      //创建任务2
  26   1              os_delete_task(0);      //删除自己(task0),使task0退出任务链表
  27   1      }  
  28                
  29          void job1(void) _task_ 1  
  30          {  
  31   1              
  32   1              unsigned char LED,i;
  33   1              LED_Port=~0x01;
  34   1              LED = 0x01;
  35   1              while(1){              
  36   2                      for(i=0;i<8;i++)         //将led左移一位
  37   2                      {                                                                 
  38   3                              LED_Port = ~(LED<<i);
  39   3                              os_wait(K_TMO, 20, 0);  
  40   3                      }
  41   2                        //等待100个时钟滴答(ticks),即1s
  42   2          }  
  43   1      }  
  44          
  45          
  46          void job2(void) _task_ 2 
  47          {  
  48   1              BEEP = 1;
  49   1              
  50   1              while(1)
  51   1              {
  52   2                              BEEP=!BEEP;//产生一定频率的脉冲信号
  53   2                              os_wait(K_TMO,1, 0);    
  54   2              }       
C51 COMPILER V9.01   MAIN                                                                  04/01/2024 21:01:57 PAGE 2   

  55   1      
  56   1      }  
  57          
  58          void job3(void) _task_ 3  
  59          {  
  60   1              u8 gsmg[8]={10,10,10,10,0,0,0,0};
  61   1              static i=0;
  62   1              static bit flag=1;
  63   1              while(1)
  64   1              {
  65   2                              if(0==KEY3&&flag==1){
  66   3                                      delay_10us(1000);
  67   3                                      flag=0;
  68   3                                      if(0==KEY3){
  69   4                                              i++;
  70   4                                      }                               
  71   3                              }
  72   2                              else if(1==KEY3) flag=1;
  73   2                              
  74   2                              gsmg[4]=i/1000;
  75   2                              gsmg[5]=i%1000/100;
  76   2                              gsmg[6]=i%100/10;
  77   2                              gsmg[7]=i%10;
  78   2                              smg_display(gsmg);
  79   2                              os_wait(K_TMO,2, 0);    
  80   2              }       
  81   1      
  82   1      }  
  83              
  84          
  85           
  86          void job4(void) _task_ 4
  87          {
  88   1              bit flag=0;
  89   1              unsigned char Key_Val,Key_Down,Key_Old,Key_Up;
  90   1              while(1){
  91   2                      if(0==KEY0)
  92   2                      {
  93   3                              os_delete_task(2);
  94   3                              os_delete_task(3);
  95   3                              os_create_task(1);
  96   3                      }
  97   2                      else if(0==KEY1)
  98   2                      {
  99   3                              P2 = 0xff;
 100   3                              os_delete_task(1);
 101   3                              os_delete_task(3);
 102   3                              os_create_task(2);
 103   3                      }
 104   2                      else if(0==KEY2)
 105   2                      {
 106   3                              P2 = 0xff;
 107   3                              os_delete_task(1);
 108   3                              os_delete_task(2);
 109   3                              os_create_task(3);
 110   3                      }
 111   2                      os_wait(K_TMO,20, 0);   
 112   2              }
 113   1      } 
*** WARNING C280 IN LINE 89 OF ..\USER\MAIN.C: 'Key_Val': unreferenced local variable
*** WARNING C280 IN LINE 89 OF ..\USER\MAIN.C: 'Key_Down': unreferenced local variable
*** WARNING C280 IN LINE 89 OF ..\USER\MAIN.C: 'Key_Old': unreferenced local variable
C51 COMPILER V9.01   MAIN                                                                  04/01/2024 21:01:57 PAGE 3   

*** WARNING C280 IN LINE 89 OF ..\USER\MAIN.C: 'Key_Up': unreferenced local variable


MODULE INFORMATION:   STATIC OVERLAYABLE
   CODE SIZE        =    301    ----
   CONSTANT SIZE    =      8    ----
   XDATA SIZE       =   ----    ----
   PDATA SIZE       =   ----    ----
   DATA SIZE        =      2      14
   IDATA SIZE       =   ----    ----
   BIT SIZE         =      1       1
END OF MODULE INFORMATION.


C51 COMPILATION COMPLETE.  4 WARNING(S),  0 ERROR(S)
