C51 COMPILER V9.01   SEG                                                                   04/01/2024 21:01:57 PAGE 1   


C51 COMPILER V9.01, COMPILATION OF MODULE SEG
OBJECT MODULE PLACED IN .\Objects\Seg.obj
COMPILER INVOKED BY: D:\ProgramData\MDK5.36\C51\BIN\C51.EXE ..\Hardware\Seg.c OPTIMIZE(8,SPEED) BROWSE INCDIR(..\Hardwar
                    -e;..\RTX51-Tiny;..\User) DEBUG OBJECTEXTEND PRINT(.\Listings\Seg.lst) OBJECT(.\Objects\Seg.obj)

line level    source

   1          #include <Seg.h>
   2          
   3          u8 gsmg_code[11]={0x3f,0x06,0x5b,0x4f,0x66,0x6d,0x7d,0x07,0x7f,0x6f,0x00};
   4          u8 i=0;
   5          void delay_10us(u16 ten_us)//当传入1时，大约延时10us
   6          {
   7   1              while(ten_us--);
   8   1      }
   9          void smg_display(u8 gsmg[8]){
  10   1               for (i=0;i<8;i++){
  11   2               switch (i)
  12   2               {
  13   3               case 0 : LSA=1;LSB=1;LSC=1;break;
  14   3               case 1 : LSA=0;LSB=1;LSC=1;break;
  15   3               case 2 : LSA=1;LSB=0;LSC=1;break;
  16   3               case 3 : LSA=0;LSB=0;LSC=1;break;
  17   3               case 4 : LSA=1;LSB=1;LSC=0;break;
  18   3               case 5 : LSA=0;LSB=1;LSC=0;break;
  19   3               case 6 : LSA=1;LSB=0;LSC=0;break;
  20   3               case 7 : LSA=0;LSB=0;LSC=0;break;
  21   3               }
  22   2               SMG_A_DP_PORT=gsmg_code[gsmg[i]];
  23   2               delay_10us(100);
  24   2               SMG_A_DP_PORT=0x00;
  25   2               }
  26   1      
  27   1      
  28   1      
  29   1      }


MODULE INFORMATION:   STATIC OVERLAYABLE
   CODE SIZE        =    145    ----
   CONSTANT SIZE    =   ----    ----
   XDATA SIZE       =   ----    ----
   PDATA SIZE       =   ----    ----
   DATA SIZE        =     12       3
   IDATA SIZE       =   ----    ----
   BIT SIZE         =   ----    ----
END OF MODULE INFORMATION.


C51 COMPILATION COMPLETE.  0 WARNING(S),  0 ERROR(S)
